
PLAY [localhost] ***************************************************************

TASK [Gathering Facts] *********************************************************
ok: [localhost]

TASK [Activate service account] ************************************************
changed: [localhost]

TASK [Backup files] ************************************************************
changed: [localhost] => (item=95268)
changed: [localhost] => (item=95194)
changed: [localhost] => (item=95110)
changed: [localhost] => (item=95067)
changed: [localhost] => (item=95045)
changed: [localhost] => (item=95036)
changed: [localhost] => (item=94960)
changed: [localhost] => (item=94888)
changed: [localhost] => (item=94869)
changed: [localhost] => (item=94684)
changed: [localhost] => (item=94642)
changed: [localhost] => (item=94641)
changed: [localhost] => (item=94569)
changed: [localhost] => (item=94557)
changed: [localhost] => (item=94517)
changed: [localhost] => (item=94460)
changed: [localhost] => (item=94452)
changed: [localhost] => (item=94442)
changed: [localhost] => (item=94441)
changed: [localhost] => (item=94364)
changed: [localhost] => (item=94355)
changed: [localhost] => (item=94341)
changed: [localhost] => (item=94329)
changed: [localhost] => (item=94289)
changed: [localhost] => (item=94284)
changed: [localhost] => (item=94225)
changed: [localhost] => (item=94110)
changed: [localhost] => (item=93981)
changed: [localhost] => (item=93937)
changed: [localhost] => (item=93890)
changed: [localhost] => (item=93864)
changed: [localhost] => (item=93686)
changed: [localhost] => (item=93685)
changed: [localhost] => (item=93669)
changed: [localhost] => (item=93593)
changed: [localhost] => (item=93477)
changed: [localhost] => (item=93447)
changed: [localhost] => (item=93284)
changed: [localhost] => (item=93227)
changed: [localhost] => (item=93154)
changed: [localhost] => (item=93152)
changed: [localhost] => (item=92853)
changed: [localhost] => (item=92793)
changed: [localhost] => (item=92519)
changed: [localhost] => (item=92454)
changed: [localhost] => (item=92422)
changed: [localhost] => (item=92157)
changed: [localhost] => (item=92133)
changed: [localhost] => (item=91666)
changed: [localhost] => (item=91108)
changed: [localhost] => (item=90945)
changed: [localhost] => (item=90502)
changed: [localhost] => (item=90380)
changed: [localhost] => (item=90315)
changed: [localhost] => (item=90216)
changed: [localhost] => (item=89842)
changed: [localhost] => (item=89818)
changed: [localhost] => (item=89295)
changed: [localhost] => (item=88790)
changed: [localhost] => (item=88592)
changed: [localhost] => (item=88415)
changed: [localhost] => (item=88093)
changed: [localhost] => (item=87902)
changed: [localhost] => (item=87467)
changed: [localhost] => (item=87256)
changed: [localhost] => (item=87187)
changed: [localhost] => (item=86953)
changed: [localhost] => (item=86246)
changed: [localhost] => (item=86143)
changed: [localhost] => (item=85872)
changed: [localhost] => (item=85411)
changed: [localhost] => (item=84846)
changed: [localhost] => (item=84735)
changed: [localhost] => (item=84717)
changed: [localhost] => (item=84587)
changed: [localhost] => (item=83860)
changed: [localhost] => (item=83711)
changed: [localhost] => (item=83571)
changed: [localhost] => (item=83245)
changed: [localhost] => (item=83241)
changed: [localhost] => (item=82571)
changed: [localhost] => (item=81911)
changed: [localhost] => (item=81813)
changed: [localhost] => (item=81416)
changed: [localhost] => (item=81413)
changed: [localhost] => (item=81366)
changed: [localhost] => (item=81245)
changed: [localhost] => (item=81223)
changed: [localhost] => (item=81157)
changed: [localhost] => (item=80801)
changed: [localhost] => (item=80506)
changed: [localhost] => (item=80450)
changed: [localhost] => (item=80383)
changed: [localhost] => (item=79836)
changed: [localhost] => (item=79744)
changed: [localhost] => (item=79408)
changed: [localhost] => (item=79388)
changed: [localhost] => (item=79337)
changed: [localhost] => (item=79224)
changed: [localhost] => (item=78868)
changed: [localhost] => (item=78861)
changed: [localhost] => (item=78722)
changed: [localhost] => (item=78489)
changed: [localhost] => (item=77861)
changed: [localhost] => (item=77690)
changed: [localhost] => (item=77672)
changed: [localhost] => (item=77643)
changed: [localhost] => (item=77493)
changed: [localhost] => (item=77366)
changed: [localhost] => (item=77028)
changed: [localhost] => (item=76934)
changed: [localhost] => (item=76913)
changed: [localhost] => (item=76828)
changed: [localhost] => (item=76825)
changed: [localhost] => (item=76812)
changed: [localhost] => (item=76799)
changed: [localhost] => (item=76703)
changed: [localhost] => (item=76299)
changed: [localhost] => (item=76283)
changed: [localhost] => (item=76264)
changed: [localhost] => (item=76114)
changed: [localhost] => (item=76072)
changed: [localhost] => (item=75937)
changed: [localhost] => (item=75799)
changed: [localhost] => (item=75608)
changed: [localhost] => (item=74867)
changed: [localhost] => (item=74852)
changed: [localhost] => (item=74738)
changed: [localhost] => (item=74021)
changed: [localhost] => (item=73672)
changed: [localhost] => (item=73309)
changed: [localhost] => (item=72388)
changed: [localhost] => (item=72006)
changed: [localhost] => (item=71562)
changed: [localhost] => (item=71503)
changed: [localhost] => (item=71461)
changed: [localhost] => (item=71064)
changed: [localhost] => (item=70391)
changed: [localhost] => (item=70245)
changed: [localhost] => (item=69619)
changed: [localhost] => (item=63499)
changed: [localhost] => (item=62117)
changed: [localhost] => (item=57155)
changed: [localhost] => (item=55333)
changed: [localhost] => (item=54809)
changed: [localhost] => (item=53971)
changed: [localhost] => (item=53668)
changed: [localhost] => (item=37608)
changed: [localhost] => (item=28915)
failed: [localhost] (item=24889) => {"ansible_loop_var": "item", "changed": true, "cmd": "gsutil rm \"gs://prod_ab_crmf/24889-selfie\"", "delta": "0:00:00.947398", "end": "2021-06-10 05:36:32.053195", "item": "24889", "msg": "non-zero return code", "rc": 1, "start": "2021-06-10 05:36:31.105797", "stderr": "CommandException: No URLs matched: gs://prod_ab_crmf/24889-selfie", "stderr_lines": ["CommandException: No URLs matched: gs://prod_ab_crmf/24889-selfie"], "stdout": "", "stdout_lines": []}
changed: [localhost] => (item=23380)
failed: [localhost] (item=13172) => {"ansible_loop_var": "item", "changed": true, "cmd": "gsutil rm \"gs://prod_ab_crmf/13172-selfie\"", "delta": "0:00:00.958119", "end": "2021-06-10 05:36:34.332686", "item": "13172", "msg": "non-zero return code", "rc": 1, "start": "2021-06-10 05:36:33.374567", "stderr": "CommandException: No URLs matched: gs://prod_ab_crmf/13172-selfie", "stderr_lines": ["CommandException: No URLs matched: gs://prod_ab_crmf/13172-selfie"], "stdout": "", "stdout_lines": []}
changed: [localhost] => (item=11095)
changed: [localhost] => (item=10978)
failed: [localhost] (item=10860) => {"ansible_loop_var": "item", "changed": true, "cmd": "gsutil rm \"gs://prod_ab_crmf/10860-selfie\"", "delta": "0:00:00.952124", "end": "2021-06-10 05:36:37.707342", "item": "10860", "msg": "non-zero return code", "rc": 1, "start": "2021-06-10 05:36:36.755218", "stderr": "CommandException: No URLs matched: gs://prod_ab_crmf/10860-selfie", "stderr_lines": ["CommandException: No URLs matched: gs://prod_ab_crmf/10860-selfie"], "stdout": "", "stdout_lines": []}

PLAY RECAP *********************************************************************
localhost                  : ok=2    changed=1    unreachable=0    failed=1    skipped=0    rescued=0    ignored=0   

